<?xml version="1.0" encoding="UTF-8"?>
<!-- Generated by org.testng.reporters.JUnitXMLReporter -->
<testsuite hostname="DESKTOP-EDN5UQK" ignored="0" name="homeTest" tests="2" failures="1" timestamp="21 Mar 2018 01:47:55 GMT" time="16.526" errors="0">
  <testcase name="verifyhomePageBar" time="0.05" classname="hrm.homePage">
    <failure type="java.lang.AssertionError" message="expected [true] but found [false]">
      <![CDATA[java.lang.AssertionError: expected [true] but found [false]
at hrm.homePage.verifyhomePageBar(homePage.java:34)
... Removed 29 stack frames]]>
    </failure>
  </testcase> <!-- verifyhomePageBar -->
  <testcase name="StaticDropdowns" time="1.285" classname="hrm.homePage"/>
</testsuite> <!-- homeTest -->
