<?xml version="1.0" encoding="UTF-8"?>
<!-- Generated by org.testng.reporters.JUnitXMLReporter -->
<testsuite hostname="DESKTOP-EDN5UQK" ignored="0" name="Test" tests="14" failures="0" timestamp="21 Mar 2018 01:39:38 GMT" time="28.756" errors="0">
  <testcase name="@BeforeTest before" time="5.464" classname="hrm.windowHandlers">
    <failure type="org.openqa.selenium.NoSuchWindowException" message="no such window: target window already closed
from unknown error: web view not found
  (Session info: chrome=64.0.3282.186)
  (Driver info: chromedriver=2.35.528161 (5b82f2d2aae0ca24b877009200ced9065a772e73),platform=Windows NT 10.0.16299 x86_64) (WARNING: The server did not provide any stacktrace information)
Command duration or timeout: 0 milliseconds
Build info: version: &amp;apos;3.11.0&amp;apos;, revision: &amp;apos;e59cfb3&amp;apos;, time: &amp;apos;2018-03-11T20:26:55.152Z&amp;apos;
System info: host: &amp;apos;DESKTOP-EDN5UQK&amp;apos;, ip: &amp;apos;172.20.10.3&amp;apos;, os.name: &amp;apos;Windows 10&amp;apos;, os.arch: &amp;apos;amd64&amp;apos;, os.version: &amp;apos;10.0&amp;apos;, java.version: &amp;apos;1.8.0_162&amp;apos;
Driver info: org.openqa.selenium.chrome.ChromeDriver
Capabilities {acceptInsecureCerts: false, acceptSslCerts: false, applicationCacheEnabled: false, browserConnectionEnabled: false, browserName: chrome, chrome: {chromedriverVersion: 2.35.528161 (5b82f2d2aae0ca..., userDataDir: C:\Users\Makra\AppData\Loca...}, cssSelectorsEnabled: true, databaseEnabled: false, handlesAlerts: true, hasTouchScreen: false, javascriptEnabled: true, locationContextEnabled: true, mobileEmulationEnabled: false, nativeEvents: true, networkConnectionEnabled: false, pageLoadStrategy: normal, platform: XP, platformName: XP, rotatable: false, setWindowRect: true, takesHeapSnapshot: true, takesScreenshot: true, unexpectedAlertBehaviour: , unhandledPromptBehavior: , version: 64.0.3282.186, webStorageEnabled: true}
Session ID: b20a79ba48ef145ca6fbfb9360ac9491
*** Element info: {Using=xpath, value=//input[@id=&amp;apos;txtUsername&amp;apos;]}">
      <![CDATA[org.openqa.selenium.NoSuchWindowException: no such window: target window already closed
from unknown error: web view not found
  (Session info: chrome=64.0.3282.186)
  (Driver info: chromedriver=2.35.528161 (5b82f2d2aae0ca24b877009200ced9065a772e73),platform=Windows NT 10.0.16299 x86_64) (WARNING: The server did not provide any stacktrace information)
Command duration or timeout: 0 milliseconds
Build info: version: '3.11.0', revision: 'e59cfb3', time: '2018-03-11T20:26:55.152Z'
System info: host: 'DESKTOP-EDN5UQK', ip: '172.20.10.3', os.name: 'Windows 10', os.arch: 'amd64', os.version: '10.0', java.version: '1.8.0_162'
Driver info: org.openqa.selenium.chrome.ChromeDriver
Capabilities {acceptInsecureCerts: false, acceptSslCerts: false, applicationCacheEnabled: false, browserConnectionEnabled: false, browserName: chrome, chrome: {chromedriverVersion: 2.35.528161 (5b82f2d2aae0ca..., userDataDir: C:\Users\Makra\AppData\Loca...}, cssSelectorsEnabled: true, databaseEnabled: false, handlesAlerts: true, hasTouchScreen: false, javascriptEnabled: true, locationContextEnabled: true, mobileEmulationEnabled: false, nativeEvents: true, networkConnectionEnabled: false, pageLoadStrategy: normal, platform: XP, platformName: XP, rotatable: false, setWindowRect: true, takesHeapSnapshot: true, takesScreenshot: true, unexpectedAlertBehaviour: , unhandledPromptBehavior: , version: 64.0.3282.186, webStorageEnabled: true}
Session ID: b20a79ba48ef145ca6fbfb9360ac9491
*** Element info: {Using=xpath, value=//input[@id='txtUsername']}
at org.openqa.selenium.remote.ErrorHandler.createThrowable(ErrorHandler.java:214)
at org.openqa.selenium.remote.ErrorHandler.throwIfResponseFailed(ErrorHandler.java:166)
at org.openqa.selenium.remote.http.JsonHttpResponseCodec.reconstructValue(JsonHttpResponseCodec.java:40)
at org.openqa.selenium.remote.http.AbstractHttpResponseCodec.decode(AbstractHttpResponseCodec.java:80)
at org.openqa.selenium.remote.http.AbstractHttpResponseCodec.decode(AbstractHttpResponseCodec.java:44)
at org.openqa.selenium.remote.HttpCommandExecutor.execute(HttpCommandExecutor.java:158)
at org.openqa.selenium.remote.service.DriverCommandExecutor.execute(DriverCommandExecutor.java:83)
at org.openqa.selenium.remote.RemoteWebDriver.execute(RemoteWebDriver.java:545)
at org.openqa.selenium.remote.RemoteWebDriver.findElement(RemoteWebDriver.java:319)
at org.openqa.selenium.remote.RemoteWebDriver.findElementByXPath(RemoteWebDriver.java:421)
at org.openqa.selenium.By$ByXPath.findElement(By.java:361)
at org.openqa.selenium.remote.RemoteWebDriver.findElement(RemoteWebDriver.java:311)
at resources.base.LogIn(base.java:68)
at hrm.windowHandlers.before(windowHandlers.java:21)
... Removed 28 stack frames]]>
    </failure>
  </testcase> <!-- @BeforeTest before -->
  <testcase name="@BeforeMethod before" time="0.0" classname="hrm.userCheckBox">
    <skipped/>
  </testcase> <!-- @BeforeMethod before -->
  <testcase name="@AfterMethod tearDown" time="0.0" classname="hrm.userCheckBox">
    <skipped/>
  </testcase> <!-- @AfterMethod tearDown -->
  <testcase name="@BeforeMethod before" time="0.0" classname="hrm.homePage">
    <skipped/>
  </testcase> <!-- @BeforeMethod before -->
  <testcase name="@AfterMethod tearDown" time="0.0" classname="hrm.homePage">
    <skipped/>
  </testcase> <!-- @AfterMethod tearDown -->
  <testcase name="@BeforeMethod beore" time="0.0" classname="hrm.dinamicDropdowns">
    <skipped/>
  </testcase> <!-- @BeforeMethod beore -->
  <testcase name="@BeforeMethod before" time="0.0" classname="hrm.loginPage">
    <skipped/>
  </testcase> <!-- @BeforeMethod before -->
  <testcase name="@AfterMethod tearDown" time="0.0" classname="hrm.loginPage">
    <skipped/>
  </testcase> <!-- @AfterMethod tearDown -->
  <testcase name="@BeforeMethod before" time="0.0" classname="hrm.loginPage">
    <skipped/>
  </testcase> <!-- @BeforeMethod before -->
  <testcase name="@AfterMethod tearDown" time="0.0" classname="hrm.loginPage">
    <skipped/>
  </testcase> <!-- @AfterMethod tearDown -->
  <testcase name="@BeforeMethod before" time="0.0" classname="hrm.loginPage">
    <skipped/>
  </testcase> <!-- @BeforeMethod before -->
  <testcase name="@AfterMethod tearDown" time="0.0" classname="hrm.loginPage">
    <skipped/>
  </testcase> <!-- @AfterMethod tearDown -->
  <testcase name="@BeforeMethod before" time="0.0" classname="hrm.loginPage">
    <skipped/>
  </testcase> <!-- @BeforeMethod before -->
  <testcase name="@AfterMethod tearDown" time="0.0" classname="hrm.loginPage">
    <skipped/>
  </testcase> <!-- @AfterMethod tearDown -->
  <testcase name="@BeforeMethod before" time="0.0" classname="hrm.loginPage">
    <skipped/>
  </testcase> <!-- @BeforeMethod before -->
  <testcase name="@AfterMethod tearDown" time="0.0" classname="hrm.loginPage">
    <skipped/>
  </testcase> <!-- @AfterMethod tearDown -->
  <testcase name="@BeforeMethod before" time="0.0" classname="hrm.homePage">
    <skipped/>
  </testcase> <!-- @BeforeMethod before -->
  <testcase name="@AfterMethod tearDown" time="0.0" classname="hrm.homePage">
    <skipped/>
  </testcase> <!-- @AfterMethod tearDown -->
  <testcase name="@AfterTest tearDown" time="0.0" classname="hrm.actionsMethods">
    <skipped/>
  </testcase> <!-- @AfterTest tearDown -->
  <testcase name="@AfterTest tearDown" time="0.0" classname="hrm.dinamicDropdowns">
    <skipped/>
  </testcase> <!-- @AfterTest tearDown -->
  <testcase name="@AfterTest tearDown" time="0.0" classname="hrm.radioButtons">
    <skipped/>
  </testcase> <!-- @AfterTest tearDown -->
  <testcase name="@AfterTest tearDown" time="0.0" classname="hrm.webElement">
    <skipped/>
  </testcase> <!-- @AfterTest tearDown -->
  <testcase name="@AfterTest tearDown" time="0.0" classname="hrm.windowHandlers">
    <skipped/>
  </testcase> <!-- @AfterTest tearDown -->
  <testcase name="checkBoxes" time="0.0" classname="hrm.userCheckBox">
    <skipped/>
  </testcase> <!-- checkBoxes -->
  <testcase name="validateWebElement" time="0.0" classname="hrm.webElement">
    <skipped/>
  </testcase> <!-- validateWebElement -->
  <testcase name="verifyhomePageBar" time="0.0" classname="hrm.homePage">
    <skipped/>
  </testcase> <!-- verifyhomePageBar -->
  <testcase name="HandlingdinamicDropdowns" time="0.0" classname="hrm.dinamicDropdowns">
    <skipped/>
  </testcase> <!-- HandlingdinamicDropdowns -->
  <testcase name="validateActions" time="0.0" classname="hrm.actionsMethods">
    <skipped/>
  </testcase> <!-- validateActions -->
  <testcase name="radiobtn" time="0.0" classname="hrm.radioButtons">
    <skipped/>
  </testcase> <!-- radiobtn -->
  <testcase name="loginLogout" time="0.0" classname="hrm.loginPage">
    <skipped/>
  </testcase> <!-- loginLogout -->
  <testcase name="EmptyUserName" time="0.0" classname="hrm.loginPage">
    <skipped/>
  </testcase> <!-- EmptyUserName -->
  <testcase name="EmptyUserPassword" time="0.0" classname="hrm.loginPage">
    <skipped/>
  </testcase> <!-- EmptyUserPassword -->
  <testcase name="NegLogIn" time="0.0" classname="hrm.loginPage">
    <skipped/>
  </testcase> <!-- NegLogIn -->
  <testcase name="NegLogIn" time="0.0" classname="hrm.loginPage">
    <skipped/>
  </testcase> <!-- NegLogIn -->
  <testcase name="EmptyUserNameUserPassword" time="0.0" classname="hrm.loginPage">
    <skipped/>
  </testcase> <!-- EmptyUserNameUserPassword -->
  <testcase name="handlersMathod" time="0.0" classname="hrm.windowHandlers">
    <skipped/>
  </testcase> <!-- handlersMathod -->
  <testcase name="StaticDropdowns" time="0.0" classname="hrm.homePage">
    <skipped/>
  </testcase> <!-- StaticDropdowns -->
</testsuite> <!-- Test -->
